c:\users\mprad\downloads\simplegameapp_eoc_withmidtermphysicsandconfiguration (1)\simplegameapp_eoc_withmidtermphysicsandconfiguration\simplegameapp\x64\release\vc142.pdb
c:\users\mprad\downloads\simplegameapp_eoc_withmidtermphysicsandconfiguration (1)\simplegameapp_eoc_withmidtermphysicsandconfiguration\simplegameapp\x64\release\ckey.obj
c:\users\mprad\downloads\simplegameapp_eoc_withmidtermphysicsandconfiguration (1)\simplegameapp_eoc_withmidtermphysicsandconfiguration\simplegameapp\x64\release\cinputmanager.obj
c:\users\mprad\downloads\simplegameapp_eoc_withmidtermphysicsandconfiguration (1)\simplegameapp_eoc_withmidtermphysicsandconfiguration\simplegameapp\x64\release\loadshader.obj
c:\users\mprad\downloads\simplegameapp_eoc_withmidtermphysicsandconfiguration (1)\simplegameapp_eoc_withmidtermphysicsandconfiguration\simplegameapp\x64\release\csimpleshader.obj
c:\users\mprad\downloads\simplegameapp_eoc_withmidtermphysicsandconfiguration (1)\simplegameapp_eoc_withmidtermphysicsandconfiguration\simplegameapp\x64\release\clitshader.obj
c:\users\mprad\downloads\simplegameapp_eoc_withmidtermphysicsandconfiguration (1)\simplegameapp_eoc_withmidtermphysicsandconfiguration\simplegameapp\x64\release\loadtexturefromfile.obj
c:\users\mprad\downloads\simplegameapp_eoc_withmidtermphysicsandconfiguration (1)\simplegameapp_eoc_withmidtermphysicsandconfiguration\simplegameapp\x64\release\loadsinglemeshfromfile.obj
c:\users\mprad\downloads\simplegameapp_eoc_withmidtermphysicsandconfiguration (1)\simplegameapp_eoc_withmidtermphysicsandconfiguration\simplegameapp\x64\release\loadcubemapfromfiles.obj
c:\users\mprad\downloads\simplegameapp_eoc_withmidtermphysicsandconfiguration (1)\simplegameapp_eoc_withmidtermphysicsandconfiguration\simplegameapp\x64\release\cimagefile.obj
c:\users\mprad\downloads\simplegameapp_eoc_withmidtermphysicsandconfiguration (1)\simplegameapp_eoc_withmidtermphysicsandconfiguration\simplegameapp\x64\release\graphics.obj
c:\users\mprad\downloads\simplegameapp_eoc_withmidtermphysicsandconfiguration (1)\simplegameapp_eoc_withmidtermphysicsandconfiguration\simplegameapp\x64\release\gl_errors.obj
c:\users\mprad\downloads\simplegameapp_eoc_withmidtermphysicsandconfiguration (1)\simplegameapp_eoc_withmidtermphysicsandconfiguration\simplegameapp\x64\release\cvertex.obj
c:\users\mprad\downloads\simplegameapp_eoc_withmidtermphysicsandconfiguration (1)\simplegameapp_eoc_withmidtermphysicsandconfiguration\simplegameapp\x64\release\ctexturemanager.obj
c:\users\mprad\downloads\simplegameapp_eoc_withmidtermphysicsandconfiguration (1)\simplegameapp_eoc_withmidtermphysicsandconfiguration\simplegameapp\x64\release\ctexture.obj
c:\users\mprad\downloads\simplegameapp_eoc_withmidtermphysicsandconfiguration (1)\simplegameapp_eoc_withmidtermphysicsandconfiguration\simplegameapp\x64\release\cmeshmanager.obj
c:\users\mprad\downloads\simplegameapp_eoc_withmidtermphysicsandconfiguration (1)\simplegameapp_eoc_withmidtermphysicsandconfiguration\simplegameapp\x64\release\cmesh.obj
c:\users\mprad\downloads\simplegameapp_eoc_withmidtermphysicsandconfiguration (1)\simplegameapp_eoc_withmidtermphysicsandconfiguration\simplegameapp\x64\release\cgraphicscomponent.obj
c:\users\mprad\downloads\simplegameapp_eoc_withmidtermphysicsandconfiguration (1)\simplegameapp_eoc_withmidtermphysicsandconfiguration\simplegameapp\x64\release\ccamera.obj
c:\users\mprad\downloads\simplegameapp_eoc_withmidtermphysicsandconfiguration (1)\simplegameapp_eoc_withmidtermphysicsandconfiguration\simplegameapp\x64\release\cbuffer.obj
c:\users\mprad\downloads\simplegameapp_eoc_withmidtermphysicsandconfiguration (1)\simplegameapp_eoc_withmidtermphysicsandconfiguration\simplegameapp\x64\release\c3rdpersoncamera.obj
c:\users\mprad\downloads\simplegameapp_eoc_withmidtermphysicsandconfiguration (1)\simplegameapp_eoc_withmidtermphysicsandconfiguration\simplegameapp\x64\release\random_helpers.obj
c:\users\mprad\downloads\simplegameapp_eoc_withmidtermphysicsandconfiguration (1)\simplegameapp_eoc_withmidtermphysicsandconfiguration\simplegameapp\x64\release\particle_force_generators.obj
c:\users\mprad\downloads\simplegameapp_eoc_withmidtermphysicsandconfiguration (1)\simplegameapp_eoc_withmidtermphysicsandconfiguration\simplegameapp\x64\release\cparticleplanecontact.obj
c:\users\mprad\downloads\simplegameapp_eoc_withmidtermphysicsandconfiguration (1)\simplegameapp_eoc_withmidtermphysicsandconfiguration\simplegameapp\x64\release\particle_constraints.obj
c:\users\mprad\downloads\simplegameapp_eoc_withmidtermphysicsandconfiguration (1)\simplegameapp_eoc_withmidtermphysicsandconfiguration\simplegameapp\x64\release\cparticleworld.obj
c:\users\mprad\downloads\simplegameapp_eoc_withmidtermphysicsandconfiguration (1)\simplegameapp_eoc_withmidtermphysicsandconfiguration\simplegameapp\x64\release\cparticleforceregistry.obj
c:\users\mprad\downloads\simplegameapp_eoc_withmidtermphysicsandconfiguration (1)\simplegameapp_eoc_withmidtermphysicsandconfiguration\simplegameapp\x64\release\cparticle.obj
c:\users\mprad\downloads\simplegameapp_eoc_withmidtermphysicsandconfiguration (1)\simplegameapp_eoc_withmidtermphysicsandconfiguration\simplegameapp\x64\release\fireworks.obj
c:\users\mprad\downloads\simplegameapp_eoc_withmidtermphysicsandconfiguration (1)\simplegameapp_eoc_withmidtermphysicsandconfiguration\simplegameapp\x64\release\cprojectile.obj
c:\users\mprad\downloads\simplegameapp_eoc_withmidtermphysicsandconfiguration (1)\simplegameapp_eoc_withmidtermphysicsandconfiguration\simplegameapp\x64\release\cparticleparticlecontact.obj
c:\users\mprad\downloads\simplegameapp_eoc_withmidtermphysicsandconfiguration (1)\simplegameapp_eoc_withmidtermphysicsandconfiguration\simplegameapp\x64\release\cparticlecontactresolver.obj
c:\users\mprad\downloads\simplegameapp_eoc_withmidtermphysicsandconfiguration (1)\simplegameapp_eoc_withmidtermphysicsandconfiguration\simplegameapp\x64\release\cparticlecontact.obj
c:\users\mprad\downloads\simplegameapp_eoc_withmidtermphysicsandconfiguration (1)\simplegameapp_eoc_withmidtermphysicsandconfiguration\simplegameapp\x64\release\midterm.obj
c:\users\mprad\downloads\simplegameapp_eoc_withmidtermphysicsandconfiguration (1)\simplegameapp_eoc_withmidtermphysicsandconfiguration\simplegameapp\x64\release\main.obj
c:\users\mprad\downloads\simplegameapp_eoc_withmidtermphysicsandconfiguration (1)\simplegameapp_eoc_withmidtermphysicsandconfiguration\simplegameapp\x64\release\input.obj
c:\users\mprad\downloads\simplegameapp_eoc_withmidtermphysicsandconfiguration (1)\simplegameapp_eoc_withmidtermphysicsandconfiguration\x64\release\simplegameapp.exe
c:\users\mprad\downloads\simplegameapp_eoc_withmidtermphysicsandconfiguration (1)\simplegameapp_eoc_withmidtermphysicsandconfiguration\simplegameapp\x64\release\simplegameapp.ipdb
c:\users\mprad\downloads\simplegameapp_eoc_withmidtermphysicsandconfiguration (1)\simplegameapp_eoc_withmidtermphysicsandconfiguration\simplegameapp\x64\release\simplegameapp.iobj
c:\users\mprad\downloads\simplegameapp_eoc_withmidtermphysicsandconfiguration (1)\simplegameapp_eoc_withmidtermphysicsandconfiguration\x64\release\simplegameapp.pdb
c:\users\mprad\downloads\simplegameapp_eoc_withmidtermphysicsandconfiguration (1)\simplegameapp_eoc_withmidtermphysicsandconfiguration\simplegameapp\x64\release\simplegameapp.tlog\cl.command.1.tlog
c:\users\mprad\downloads\simplegameapp_eoc_withmidtermphysicsandconfiguration (1)\simplegameapp_eoc_withmidtermphysicsandconfiguration\simplegameapp\x64\release\simplegameapp.tlog\cl.read.1.tlog
c:\users\mprad\downloads\simplegameapp_eoc_withmidtermphysicsandconfiguration (1)\simplegameapp_eoc_withmidtermphysicsandconfiguration\simplegameapp\x64\release\simplegameapp.tlog\cl.write.1.tlog
c:\users\mprad\downloads\simplegameapp_eoc_withmidtermphysicsandconfiguration (1)\simplegameapp_eoc_withmidtermphysicsandconfiguration\simplegameapp\x64\release\simplegameapp.tlog\link.command.1.tlog
c:\users\mprad\downloads\simplegameapp_eoc_withmidtermphysicsandconfiguration (1)\simplegameapp_eoc_withmidtermphysicsandconfiguration\simplegameapp\x64\release\simplegameapp.tlog\link.read.1.tlog
c:\users\mprad\downloads\simplegameapp_eoc_withmidtermphysicsandconfiguration (1)\simplegameapp_eoc_withmidtermphysicsandconfiguration\simplegameapp\x64\release\simplegameapp.tlog\link.write.1.tlog
